<?xml version="1.0" encoding="UTF-8"?>
<!-- Generated by org.testng.reporters.JUnitReportReporter -->
<testsuite skipped="0" hostname="Naveen-Gaddipati" name="tests.AppLogin_from_Excel" tests="2" failures="0" timestamp="2020-10-29T14:53:15 IST" time="19.132" errors="0">
  <testcase name="logIn" time="7.868" classname="tests.AppLogin_from_Excel"/>
  <testcase name="logIn" time="11.264" classname="tests.AppLogin_from_Excel"/>
</testsuite> <!-- tests.AppLogin_from_Excel -->
