<?xml version="1.0" encoding="UTF-8"?>
<!-- Generated by org.testng.reporters.JUnitReportReporter -->
<testsuite skipped="0" hostname="Naveen-Gaddipati" name="dataProvider.AppLogin_from_DataProvider" tests="2" failures="0" timestamp="2020-09-26T21:23:43 IST" time="19.486" errors="0">
  <testcase name="logIn" time="13.018" classname="dataProvider.AppLogin_from_DataProvider"/>
  <testcase name="logIn" time="6.468" classname="dataProvider.AppLogin_from_DataProvider"/>
</testsuite> <!-- dataProvider.AppLogin_from_DataProvider -->
