<?xml version="1.0" encoding="UTF-8"?>
<!-- Generated by org.testng.reporters.JUnitReportReporter -->
<testsuite skipped="0" hostname="Naveen-Gaddipati" name="tests.SoftAssert_GoogleTitle" tests="1" failures="0" timestamp="2020-11-06T17:30:40 IST" time="26.164" errors="0">
  <testcase name="title_verify" time="26.164" classname="tests.SoftAssert_GoogleTitle"/>
</testsuite> <!-- tests.SoftAssert_GoogleTitle -->
