<?xml version="1.0" encoding="UTF-8"?>
<!-- Generated by org.testng.reporters.JUnitReportReporter -->
<testsuite skipped="0" hostname="Naveen-Gaddipati" name="crossBrowser.CrossBrowser_Test" tests="4" failures="0" timestamp="2020-10-29T16:43:22 IST" time="141.328" errors="0">
  <testcase name="logIn" time="21.500" classname="crossBrowser.CrossBrowser_Test"/>
  <testcase name="logIn" time="30.451" classname="crossBrowser.CrossBrowser_Test"/>
  <testcase name="logIn" time="55.398" classname="crossBrowser.CrossBrowser_Test"/>
  <testcase name="logIn" time="33.979" classname="crossBrowser.CrossBrowser_Test"/>
</testsuite> <!-- crossBrowser.CrossBrowser_Test -->
