<?xml version="1.0" encoding="UTF-8"?>
<!-- Generated by org.testng.reporters.JUnitReportReporter -->
<testsuite skipped="0" hostname="Naveen-Gaddipati" name="tests.CrossBrowser_Test" tests="4" failures="0" timestamp="2020-10-30T12:11:07 IST" time="106.018" errors="0">
  <testcase name="logIn" time="17.704" classname="tests.CrossBrowser_Test"/>
  <testcase name="logIn" time="28.467" classname="tests.CrossBrowser_Test"/>
  <testcase name="logIn" time="27.051" classname="tests.CrossBrowser_Test"/>
  <testcase name="logIn" time="32.796" classname="tests.CrossBrowser_Test"/>
</testsuite> <!-- tests.CrossBrowser_Test -->
