<?xml version="1.0" encoding="UTF-8"?>
<!-- Generated by org.testng.reporters.JUnitReportReporter -->
<testsuite skipped="0" hostname="Naveen-Gaddipati" name="excel.AppLogin_from_Excel" tests="2" failures="0" timestamp="2020-09-26T21:23:43 IST" time="23.418" errors="0">
  <testcase name="logIn" time="10.206" classname="excel.AppLogin_from_Excel"/>
  <testcase name="logIn" time="13.212" classname="excel.AppLogin_from_Excel"/>
</testsuite> <!-- excel.AppLogin_from_Excel -->
