<?xml version="1.0" encoding="UTF-8"?>
<!-- Generated by org.testng.reporters.JUnitReportReporter -->
<testsuite skipped="0" hostname="Naveen-Gaddipati" name="DataProvider.GetData_Ex" tests="1" failures="0" timestamp="2020-09-25T12:50:29 IST" time="4.093" errors="0">
  <testcase name="get_data_from_excel" time="4.093" classname="DataProvider.GetData_Ex"/>
</testsuite> <!-- DataProvider.GetData_Ex -->
