<?xml version="1.0" encoding="UTF-8"?>
<!-- Generated by org.testng.reporters.JUnitReportReporter -->
<testsuite skipped="0" hostname="Naveen-Gaddipati" name="DataProvider.AppLogin" tests="2" failures="0" timestamp="2020-09-25T12:50:29 IST" time="16.467" errors="0">
  <testcase name="logIn" time="10.060" classname="DataProvider.AppLogin"/>
  <testcase name="logIn" time="6.407" classname="DataProvider.AppLogin"/>
</testsuite> <!-- DataProvider.AppLogin -->
