<?xml version="1.0" encoding="UTF-8"?>
<!-- Generated by org.testng.reporters.JUnitReportReporter -->
<testsuite skipped="0" hostname="Naveen-Gaddipati" name="tests.AppLogin_from_DataProvider" tests="2" failures="0" timestamp="2020-11-03T17:06:26 IST" time="26.751" errors="0">
  <testcase name="logIn" time="6.477" classname="tests.AppLogin_from_DataProvider"/>
  <testcase name="logIn" time="20.274" classname="tests.AppLogin_from_DataProvider"/>
</testsuite> <!-- tests.AppLogin_from_DataProvider -->
