<?xml version="1.0" encoding="UTF-8"?>
<!-- Generated by org.testng.reporters.JUnitReportReporter -->
<testsuite skipped="0" hostname="Naveen-Gaddipati" name="pages.Test_Download_File" tests="1" failures="0" timestamp="2020-10-30T18:54:26 IST" time="2.633" errors="0">
  <testcase name="example_VerifyExpectedFileName" time="2.633" classname="pages.Test_Download_File"/>
</testsuite> <!-- pages.Test_Download_File -->
