<?xml version="1.0" encoding="UTF-8"?>
<!-- Generated by org.testng.reporters.JUnitReportReporter -->
<testsuite skipped="0" hostname="Naveen-Gaddipati" name="excel.GetData_Ex" tests="1" failures="0" timestamp="2020-09-25T12:57:39 IST" time="1.564" errors="0">
  <testcase name="get_data_from_excel" time="1.564" classname="excel.GetData_Ex"/>
</testsuite> <!-- excel.GetData_Ex -->
